<?xml version="1.0" encoding="UTF-8"?>
<!-- Generated by org.testng.reporters.JUnitXMLReporter -->
<testsuite hostname="LAPTOP-A4G1U7TV" ignored="0" name="Seek - Test" tests="6" failures="0" timestamp="20 Sep 2017 12:48:05 GMT" time="143.785" errors="0">
  <testcase name="testDelSeekAccountPage" time="10.382" classname="com.test.seek.test.TestDelSeekAccount"/>
  <testcase name="testRegisterPage" time="3.934" classname="com.test.seek.test.TestSeekRegister"/>
  <testcase name="testSignInPage" time="3.255" classname="com.test.seek.test.TestSignIn"/>
  <testcase name="testSignInPage" time="1.811" classname="com.test.seek.test.TestSignOut"/>
  <testcase name="testJobSearchPage" time="9.633" classname="com.test.seek.test.TestJobSearch"/>
  <testcase name="testSignOutPage" time="3.221" classname="com.test.seek.test.TestSignOut"/>
</testsuite> <!-- Seek - Test -->
